<?xml version="1.0" encoding="UTF-8"?>
<testng-results ignored="0" total="4" passed="4" failed="0" skipped="0">
  <reporter-output>
  </reporter-output>
  <suite started-at="2023-03-10T15:37:56 IST" name="Suite" finished-at="2023-03-10T15:37:57 IST" duration-ms="55">
    <groups>
    </groups>
    <test started-at="2023-03-10T15:37:56 IST" name="Test" finished-at="2023-03-10T15:37:57 IST" duration-ms="55">
      <class name="practice.PracticeClass2">
        <test-method signature="main2()[pri:0, instance:practice.PracticeClass2@6da21078]" started-at="2023-03-10T15:37:56 IST" name="main2" finished-at="2023-03-10T15:37:56 IST" duration-ms="1" status="PASS">
          <reporter-output>
          </reporter-output>
        </test-method> <!-- main2 -->
        <test-method signature="main21()[pri:0, instance:practice.PracticeClass2@6da21078]" started-at="2023-03-10T15:37:57 IST" name="main21" finished-at="2023-03-10T15:37:57 IST" duration-ms="1" status="PASS">
          <reporter-output>
          </reporter-output>
        </test-method> <!-- main21 -->
      </class> <!-- practice.PracticeClass2 -->
      <class name="practice.PracticeClass1">
        <test-method signature="main1()[pri:0, instance:practice.PracticeClass1@581ac8a8]" started-at="2023-03-10T15:37:56 IST" name="main1" finished-at="2023-03-10T15:37:56 IST" duration-ms="10" status="PASS">
          <reporter-output>
          </reporter-output>
        </test-method> <!-- main1 -->
        <test-method signature="main11()[pri:0, instance:practice.PracticeClass1@581ac8a8]" started-at="2023-03-10T15:37:56 IST" name="main11" finished-at="2023-03-10T15:37:56 IST" duration-ms="1" status="PASS">
          <reporter-output>
          </reporter-output>
        </test-method> <!-- main11 -->
      </class> <!-- practice.PracticeClass1 -->
    </test> <!-- Test -->
  </suite> <!-- Suite -->
</testng-results>
